      Time   FAIRTEN1   FAIRTEN2   FAIRTEN3   ANCHTEN1   ANCHTEN2   ANCHTEN3
       (s)        (N)        (N)        (N)        (N)        (N)        (N)
    0.0000 0.1129E+07 0.1129E+07 0.1129E+07 0.9191E+06 0.9191E+06 0.9191E+06
    0.0100 0.1130E+07 0.1131E+07 0.1130E+07 0.9176E+06 0.9176E+06 0.9176E+06
    0.0200 0.1132E+07 0.1132E+07 0.1132E+07 0.9162E+06 0.9162E+06 0.9162E+06
    0.0300 0.1133E+07 0.1134E+07 0.1133E+07 0.9149E+06 0.9149E+06 0.9149E+06
    0.0400 0.1133E+07 0.1136E+07 0.1133E+07 0.9136E+06 0.9136E+06 0.9136E+06
    0.0500 0.1134E+07 0.1137E+07 0.1134E+07 0.9124E+06 0.9124E+06 0.9124E+06
    0.0600 0.1135E+07 0.1139E+07 0.1135E+07 0.9113E+06 0.9113E+06 0.9113E+06
    0.0700 0.1136E+07 0.1140E+07 0.1136E+07 0.9104E+06 0.9104E+06 0.9104E+06
    0.0800 0.1136E+07 0.1141E+07 0.1136E+07 0.9095E+06 0.9095E+06 0.9095E+06
    0.0900 0.1137E+07 0.1142E+07 0.1137E+07 0.9087E+06 0.9087E+06 0.9087E+06
    0.1000 0.1137E+07 0.1143E+07 0.1137E+07 0.9080E+06 0.9080E+06 0.9080E+06
    0.1100 0.1137E+07 0.1144E+07 0.1137E+07 0.9075E+06 0.9075E+06 0.9075E+06
    0.1200 0.1137E+07 0.1145E+07 0.1137E+07 0.9071E+06 0.9071E+06 0.9071E+06
    0.1300 0.1137E+07 0.1145E+07 0.1137E+07 0.9069E+06 0.9069E+06 0.9069E+06
    0.1400 0.1136E+07 0.1146E+07 0.1136E+07 0.9068E+06 0.9068E+06 0.9068E+06
    0.1500 0.1136E+07 0.1146E+07 0.1136E+07 0.9068E+06 0.9068E+06 0.9068E+06
    0.1600 0.1135E+07 0.1146E+07 0.1135E+07 0.9070E+06 0.9070E+06 0.9070E+06
    0.1700 0.1135E+07 0.1146E+07 0.1135E+07 0.9074E+06 0.9074E+06 0.9074E+06
    0.1800 0.1134E+07 0.1146E+07 0.1134E+07 0.9078E+06 0.9078E+06 0.9078E+06
    0.1900 0.1133E+07 0.1145E+07 0.1133E+07 0.9084E+06 0.9084E+06 0.9084E+06
    0.2000 0.1132E+07 0.1145E+07 0.1132E+07 0.9092E+06 0.9092E+06 0.9092E+06
    0.2100 0.1131E+07 0.1144E+07 0.1131E+07 0.9100E+06 0.9100E+06 0.9100E+06
    0.2200 0.1129E+07 0.1144E+07 0.1129E+07 0.9110E+06 0.9110E+06 0.9110E+06
    0.2300 0.1128E+07 0.1143E+07 0.1128E+07 0.9121E+06 0.9121E+06 0.9121E+06
    0.2400 0.1127E+07 0.1142E+07 0.1126E+07 0.9133E+06 0.9133E+06 0.9133E+06
    0.2500 0.1125E+07 0.1141E+07 0.1125E+07 0.9146E+06 0.9146E+06 0.9146E+06
    0.2600 0.1123E+07 0.1140E+07 0.1123E+07 0.9159E+06 0.9159E+06 0.9159E+06
    0.2700 0.1122E+07 0.1139E+07 0.1122E+07 0.9173E+06 0.9173E+06 0.9173E+06
    0.2800 0.1120E+07 0.1138E+07 0.1120E+07 0.9188E+06 0.9188E+06 0.9188E+06
    0.2900 0.1118E+07 0.1136E+07 0.1118E+07 0.9202E+06 0.9203E+06 0.9202E+06
    0.3000 0.1116E+07 0.1135E+07 0.1116E+07 0.9217E+06 0.9218E+06 0.9217E+06
    0.3100 0.1115E+07 0.1134E+07 0.1114E+07 0.9232E+06 0.9234E+06 0.9232E+06
    0.3200 0.1113E+07 0.1133E+07 0.1113E+07 0.9247E+06 0.9250E+06 0.9247E+06
    0.3300 0.1111E+07 0.1131E+07 0.1111E+07 0.9261E+06 0.9266E+06 0.9261E+06
    0.3400 0.1109E+07 0.1130E+07 0.1109E+07 0.9273E+06 0.9282E+06 0.9273E+06
    0.3500 0.1107E+07 0.1129E+07 0.1107E+07 0.9285E+06 0.9300E+06 0.9285E+06
    0.3600 0.1106E+07 0.1127E+07 0.1105E+07 0.9295E+06 0.9317E+06 0.9295E+06
    0.3700 0.1104E+07 0.1126E+07 0.1104E+07 0.9303E+06 0.9335E+06 0.9303E+06
    0.3800 0.1102E+07 0.1125E+07 0.1102E+07 0.9309E+06 0.9354E+06 0.9309E+06
    0.3900 0.1101E+07 0.1124E+07 0.1101E+07 0.9314E+06 0.9372E+06 0.9314E+06
    0.4000 0.1099E+07 0.1123E+07 0.1099E+07 0.9317E+06 0.9390E+06 0.9317E+06
    0.4100 0.1098E+07 0.1122E+07 0.1098E+07 0.9319E+06 0.9407E+06 0.9318E+06
    0.4200 0.1097E+07 0.1121E+07 0.1097E+07 0.9319E+06 0.9422E+06 0.9319E+06
    0.4300 0.1096E+07 0.1120E+07 0.1096E+07 0.9319E+06 0.9436E+06 0.9319E+06
    0.4400 0.1095E+07 0.1120E+07 0.1095E+07 0.9318E+06 0.9448E+06 0.9318E+06
    0.4500 0.1094E+07 0.1119E+07 0.1094E+07 0.9316E+06 0.9458E+06 0.9315E+06
    0.4600 0.1093E+07 0.1119E+07 0.1093E+07 0.9313E+06 0.9467E+06 0.9312E+06
    0.4700 0.1093E+07 0.1118E+07 0.1093E+07 0.9308E+06 0.9475E+06 0.9307E+06
    0.4800 0.1092E+07 0.1118E+07 0.1092E+07 0.9302E+06 0.9481E+06 0.9301E+06
    0.4900 0.1092E+07 0.1118E+07 0.1092E+07 0.9295E+06 0.9486E+06 0.9294E+06
    0.5000 0.1092E+07 0.1119E+07 0.1092E+07 0.9286E+06 0.9489E+06 0.9285E+06
    0.5100 0.1092E+07 0.1119E+07 0.1092E+07 0.9276E+06 0.9491E+06 0.9275E+06
    0.5200 0.1092E+07 0.1119E+07 0.1092E+07 0.9265E+06 0.9491E+06 0.9264E+06
    0.5300 0.1093E+07 0.1120E+07 0.1092E+07 0.9253E+06 0.9490E+06 0.9252E+06
    0.5400 0.1093E+07 0.1120E+07 0.1093E+07 0.9240E+06 0.9488E+06 0.9239E+06
    0.5500 0.1094E+07 0.1121E+07 0.1094E+07 0.9226E+06 0.9485E+06 0.9224E+06
    0.5600 0.1095E+07 0.1122E+07 0.1094E+07 0.9211E+06 0.9480E+06 0.9209E+06
    0.5700 0.1095E+07 0.1123E+07 0.1095E+07 0.9195E+06 0.9474E+06 0.9193E+06
    0.5800 0.1096E+07 0.1124E+07 0.1096E+07 0.9178E+06 0.9468E+06 0.9176E+06
    0.5900 0.1097E+07 0.1125E+07 0.1097E+07 0.9160E+06 0.9460E+06 0.9158E+06
    0.6000 0.1099E+07 0.1127E+07 0.1098E+07 0.9142E+06 0.9451E+06 0.9140E+06
    0.6100 0.1100E+07 0.1128E+07 0.1100E+07 0.9123E+06 0.9442E+06 0.9121E+06
    0.6200 0.1101E+07 0.1129E+07 0.1101E+07 0.9104E+06 0.9431E+06 0.9102E+06
    0.6300 0.1102E+07 0.1131E+07 0.1102E+07 0.9084E+06 0.9421E+06 0.9082E+06
    0.6400 0.1104E+07 0.1132E+07 0.1104E+07 0.9064E+06 0.9409E+06 0.9062E+06
    0.6500 0.1105E+07 0.1134E+07 0.1105E+07 0.9044E+06 0.9398E+06 0.9042E+06
    0.6600 0.1106E+07 0.1135E+07 0.1106E+07 0.9024E+06 0.9386E+06 0.9022E+06
    0.6700 0.1108E+07 0.1137E+07 0.1108E+07 0.9004E+06 0.9373E+06 0.9002E+06
    0.6800 0.1109E+07 0.1138E+07 0.1109E+07 0.8984E+06 0.9361E+06 0.8982E+06
    0.6900 0.1110E+07 0.1140E+07 0.1110E+07 0.8965E+06 0.9349E+06 0.8963E+06
    0.7000 0.1111E+07 0.1141E+07 0.1111E+07 0.8946E+06 0.9337E+06 0.8944E+06
    0.7100 0.1112E+07 0.1143E+07 0.1112E+07 0.8928E+06 0.9325E+06 0.8925E+06
    0.7200 0.1113E+07 0.1145E+07 0.1112E+07 0.8910E+06 0.9314E+06 0.8908E+06
    0.7300 0.1113E+07 0.1146E+07 0.1113E+07 0.8893E+06 0.9303E+06 0.8891E+06
    0.7400 0.1114E+07 0.1148E+07 0.1113E+07 0.8878E+06 0.9293E+06 0.8875E+06
    0.7500 0.1114E+07 0.1149E+07 0.1114E+07 0.8863E+06 0.9284E+06 0.8860E+06
    0.7600 0.1114E+07 0.1151E+07 0.1114E+07 0.8849E+06 0.9276E+06 0.8847E+06
    0.7700 0.1114E+07 0.1152E+07 0.1114E+07 0.8837E+06 0.9268E+06 0.8834E+06
    0.7800 0.1114E+07 0.1153E+07 0.1114E+07 0.8826E+06 0.9262E+06 0.8823E+06
    0.7900 0.1114E+07 0.1154E+07 0.1113E+07 0.8816E+06 0.9256E+06 0.8813E+06
    0.8000 0.1113E+07 0.1155E+07 0.1113E+07 0.8807E+06 0.9252E+06 0.8805E+06
    0.8100 0.1113E+07 0.1155E+07 0.1113E+07 0.8801E+06 0.9248E+06 0.8798E+06
    0.8200 0.1112E+07 0.1156E+07 0.1112E+07 0.8795E+06 0.9246E+06 0.8792E+06
    0.8300 0.1112E+07 0.1156E+07 0.1111E+07 0.8791E+06 0.9246E+06 0.8788E+06
    0.8400 0.1111E+07 0.1156E+07 0.1111E+07 0.8789E+06 0.9246E+06 0.8786E+06
    0.8500 0.1110E+07 0.1156E+07 0.1110E+07 0.8788E+06 0.9248E+06 0.8785E+06
    0.8600 0.1109E+07 0.1156E+07 0.1109E+07 0.8789E+06 0.9251E+06 0.8786E+06
    0.8700 0.1108E+07 0.1155E+07 0.1108E+07 0.8791E+06 0.9255E+06 0.8788E+06
    0.8800 0.1107E+07 0.1155E+07 0.1106E+07 0.8794E+06 0.9260E+06 0.8791E+06
    0.8900 0.1105E+07 0.1154E+07 0.1105E+07 0.8799E+06 0.9266E+06 0.8796E+06
    0.9000 0.1104E+07 0.1154E+07 0.1104E+07 0.8806E+06 0.9274E+06 0.8802E+06
    0.9100 0.1103E+07 0.1153E+07 0.1102E+07 0.8813E+06 0.9282E+06 0.8810E+06
    0.9200 0.1101E+07 0.1152E+07 0.1101E+07 0.8822E+06 0.9291E+06 0.8818E+06
    0.9300 0.1099E+07 0.1151E+07 0.1099E+07 0.8832E+06 0.9301E+06 0.8828E+06
    0.9400 0.1098E+07 0.1149E+07 0.1097E+07 0.8842E+06 0.9312E+06 0.8839E+06
    0.9500 0.1096E+07 0.1148E+07 0.1096E+07 0.8854E+06 0.9323E+06 0.8850E+06
    0.9600 0.1094E+07 0.1147E+07 0.1094E+07 0.8866E+06 0.9335E+06 0.8862E+06
    0.9700 0.1093E+07 0.1145E+07 0.1092E+07 0.8878E+06 0.9347E+06 0.8875E+06
    0.9800 0.1091E+07 0.1144E+07 0.1090E+07 0.8891E+06 0.9359E+06 0.8888E+06
    0.9900 0.1089E+07 0.1142E+07 0.1089E+07 0.8904E+06 0.9372E+06 0.8901E+06
    1.0000 0.1087E+07 0.1141E+07 0.1087E+07 0.8917E+06 0.9385E+06 0.8914E+06
    1.0100 0.1085E+07 0.1139E+07 0.1085E+07 0.8930E+06 0.9398E+06 0.8927E+06
    1.0200 0.1084E+07 0.1138E+07 0.1083E+07 0.8943E+06 0.9411E+06 0.8939E+06
    1.0300 0.1082E+07 0.1136E+07 0.1081E+07 0.8954E+06 0.9424E+06 0.8951E+06
    1.0400 0.1080E+07 0.1134E+07 0.1080E+07 0.8965E+06 0.9436E+06 0.8961E+06
    1.0500 0.1079E+07 0.1133E+07 0.1078E+07 0.8975E+06 0.9449E+06 0.8971E+06
    1.0600 0.1077E+07 0.1131E+07 0.1077E+07 0.8984E+06 0.9462E+06 0.8980E+06
    1.0700 0.1076E+07 0.1130E+07 0.1075E+07 0.8991E+06 0.9474E+06 0.8987E+06
    1.0800 0.1074E+07 0.1128E+07 0.1074E+07 0.8997E+06 0.9486E+06 0.8993E+06
    1.0900 0.1073E+07 0.1127E+07 0.1073E+07 0.9001E+06 0.9498E+06 0.8997E+06
    1.1000 0.1072E+07 0.1126E+07 0.1071E+07 0.9004E+06 0.9509E+06 0.9000E+06
    1.1100 0.1071E+07 0.1124E+07 0.1070E+07 0.9006E+06 0.9519E+06 0.9001E+06
    1.1200 0.1070E+07 0.1123E+07 0.1070E+07 0.9006E+06 0.9528E+06 0.9002E+06
    1.1300 0.1069E+07 0.1122E+07 0.1069E+07 0.9005E+06 0.9535E+06 0.9001E+06
    1.1400 0.1069E+07 0.1121E+07 0.1068E+07 0.9003E+06 0.9541E+06 0.8999E+06
    1.1500 0.1068E+07 0.1120E+07 0.1068E+07 0.9001E+06 0.9545E+06 0.8996E+06
    1.1600 0.1068E+07 0.1120E+07 0.1068E+07 0.8997E+06 0.9547E+06 0.8992E+06
    1.1700 0.1068E+07 0.1119E+07 0.1068E+07 0.8993E+06 0.9547E+06 0.8988E+06
    1.1800 0.1068E+07 0.1119E+07 0.1068E+07 0.8987E+06 0.9546E+06 0.8983E+06
    1.1900 0.1068E+07 0.1118E+07 0.1068E+07 0.8981E+06 0.9543E+06 0.8976E+06
    1.2000 0.1069E+07 0.1118E+07 0.1068E+07 0.8974E+06 0.9538E+06 0.8969E+06
    1.2100 0.1069E+07 0.1118E+07 0.1069E+07 0.8966E+06 0.9532E+06 0.8961E+06
    1.2200 0.1070E+07 0.1118E+07 0.1069E+07 0.8957E+06 0.9525E+06 0.8952E+06
    1.2300 0.1071E+07 0.1118E+07 0.1070E+07 0.8947E+06 0.9516E+06 0.8942E+06
    1.2400 0.1072E+07 0.1119E+07 0.1071E+07 0.8936E+06 0.9506E+06 0.8931E+06
    1.2500 0.1073E+07 0.1119E+07 0.1072E+07 0.8924E+06 0.9495E+06 0.8919E+06
    1.2600 0.1074E+07 0.1119E+07 0.1074E+07 0.8912E+06 0.9483E+06 0.8907E+06
    1.2700 0.1075E+07 0.1120E+07 0.1075E+07 0.8899E+06 0.9470E+06 0.8894E+06
    1.2800 0.1077E+07 0.1120E+07 0.1076E+07 0.8886E+06 0.9455E+06 0.8880E+06
    1.2900 0.1078E+07 0.1121E+07 0.1078E+07 0.8872E+06 0.9440E+06 0.8866E+06
    1.3000 0.1080E+07 0.1122E+07 0.1079E+07 0.8858E+06 0.9423E+06 0.8852E+06
    1.3100 0.1082E+07 0.1123E+07 0.1081E+07 0.8843E+06 0.9406E+06 0.8838E+06
    1.3200 0.1083E+07 0.1123E+07 0.1083E+07 0.8829E+06 0.9389E+06 0.8823E+06
    1.3300 0.1085E+07 0.1124E+07 0.1085E+07 0.8814E+06 0.9371E+06 0.8809E+06
    1.3400 0.1087E+07 0.1125E+07 0.1086E+07 0.8800E+06 0.9353E+06 0.8794E+06
    1.3500 0.1089E+07 0.1126E+07 0.1088E+07 0.8785E+06 0.9334E+06 0.8780E+06
    1.3600 0.1090E+07 0.1127E+07 0.1090E+07 0.8771E+06 0.9315E+06 0.8766E+06
    1.3700 0.1092E+07 0.1128E+07 0.1091E+07 0.8758E+06 0.9296E+06 0.8752E+06
    1.3800 0.1094E+07 0.1128E+07 0.1093E+07 0.8745E+06 0.9277E+06 0.8739E+06
    1.3900 0.1095E+07 0.1129E+07 0.1094E+07 0.8733E+06 0.9258E+06 0.8727E+06
    1.4000 0.1096E+07 0.1130E+07 0.1096E+07 0.8721E+06 0.9240E+06 0.8715E+06
    1.4100 0.1098E+07 0.1131E+07 0.1097E+07 0.8710E+06 0.9222E+06 0.8704E+06
    1.4200 0.1099E+07 0.1132E+07 0.1098E+07 0.8700E+06 0.9204E+06 0.8695E+06
    1.4300 0.1100E+07 0.1132E+07 0.1099E+07 0.8692E+06 0.9187E+06 0.8686E+06
    1.4400 0.1101E+07 0.1133E+07 0.1100E+07 0.8684E+06 0.9171E+06 0.8678E+06
    1.4500 0.1101E+07 0.1133E+07 0.1101E+07 0.8678E+06 0.9156E+06 0.8672E+06
    1.4600 0.1102E+07 0.1134E+07 0.1101E+07 0.8673E+06 0.9141E+06 0.8667E+06
    1.4700 0.1102E+07 0.1134E+07 0.1102E+07 0.8669E+06 0.9127E+06 0.8663E+06
    1.4800 0.1103E+07 0.1134E+07 0.1102E+07 0.8667E+06 0.9115E+06 0.8661E+06
    1.4900 0.1103E+07 0.1134E+07 0.1102E+07 0.8666E+06 0.9103E+06 0.8660E+06
    1.5000 0.1103E+07 0.1134E+07 0.1103E+07 0.8667E+06 0.9093E+06 0.8661E+06
    1.5100 0.1103E+07 0.1134E+07 0.1103E+07 0.8669E+06 0.9084E+06 0.8663E+06
    1.5200 0.1103E+07 0.1134E+07 0.1103E+07 0.8673E+06 0.9076E+06 0.8667E+06
    1.5300 0.1103E+07 0.1133E+07 0.1102E+07 0.8679E+06 0.9069E+06 0.8673E+06
    1.5400 0.1103E+07 0.1132E+07 0.1102E+07 0.8686E+06 0.9063E+06 0.8680E+06
    1.5500 0.1103E+07 0.1131E+07 0.1102E+07 0.8694E+06 0.9058E+06 0.8689E+06
    1.5600 0.1102E+07 0.1130E+07 0.1102E+07 0.8705E+06 0.9055E+06 0.8699E+06
    1.5700 0.1102E+07 0.1129E+07 0.1101E+07 0.8716E+06 0.9052E+06 0.8710E+06
    1.5800 0.1101E+07 0.1127E+07 0.1101E+07 0.8729E+06 0.9051E+06 0.8723E+06
    1.5900 0.1101E+07 0.1126E+07 0.1100E+07 0.8743E+06 0.9051E+06 0.8737E+06
    1.6000 0.1100E+07 0.1124E+07 0.1099E+07 0.8759E+06 0.9051E+06 0.8753E+06
    1.6100 0.1099E+07 0.1123E+07 0.1098E+07 0.8775E+06 0.9053E+06 0.8769E+06
    1.6200 0.1098E+07 0.1121E+07 0.1098E+07 0.8793E+06 0.9055E+06 0.8787E+06
    1.6300 0.1097E+07 0.1119E+07 0.1097E+07 0.8811E+06 0.9058E+06 0.8805E+06
    1.6400 0.1096E+07 0.1117E+07 0.1096E+07 0.8830E+06 0.9062E+06 0.8824E+06
    1.6500 0.1096E+07 0.1115E+07 0.1095E+07 0.8850E+06 0.9066E+06 0.8844E+06
    1.6600 0.1095E+07 0.1113E+07 0.1094E+07 0.8870E+06 0.9070E+06 0.8865E+06
    1.6700 0.1094E+07 0.1111E+07 0.1093E+07 0.8891E+06 0.9075E+06 0.8885E+06
    1.6800 0.1093E+07 0.1109E+07 0.1092E+07 0.8912E+06 0.9080E+06 0.8906E+06
    1.6900 0.1092E+07 0.1106E+07 0.1091E+07 0.8933E+06 0.9085E+06 0.8927E+06
    1.7000 0.1091E+07 0.1104E+07 0.1090E+07 0.8953E+06 0.9091E+06 0.8947E+06
    1.7100 0.1090E+07 0.1102E+07 0.1089E+07 0.8973E+06 0.9096E+06 0.8967E+06
    1.7200 0.1089E+07 0.1100E+07 0.1088E+07 0.8993E+06 0.9101E+06 0.8987E+06
    1.7300 0.1088E+07 0.1098E+07 0.1088E+07 0.9011E+06 0.9107E+06 0.9006E+06
    1.7400 0.1088E+07 0.1096E+07 0.1087E+07 0.9029E+06 0.9112E+06 0.9024E+06
    1.7500 0.1087E+07 0.1093E+07 0.1086E+07 0.9046E+06 0.9116E+06 0.9040E+06
    1.7600 0.1086E+07 0.1091E+07 0.1086E+07 0.9062E+06 0.9121E+06 0.9056E+06
    1.7700 0.1086E+07 0.1089E+07 0.1085E+07 0.9076E+06 0.9125E+06 0.9071E+06
    1.7800 0.1086E+07 0.1087E+07 0.1085E+07 0.9089E+06 0.9128E+06 0.9084E+06
    1.7900 0.1085E+07 0.1086E+07 0.1085E+07 0.9101E+06 0.9131E+06 0.9095E+06
    1.8000 0.1085E+07 0.1084E+07 0.1085E+07 0.9112E+06 0.9133E+06 0.9106E+06
    1.8100 0.1085E+07 0.1082E+07 0.1085E+07 0.9121E+06 0.9134E+06 0.9115E+06
    1.8200 0.1086E+07 0.1081E+07 0.1085E+07 0.9128E+06 0.9134E+06 0.9122E+06
    1.8300 0.1086E+07 0.1079E+07 0.1085E+07 0.9135E+06 0.9133E+06 0.9129E+06
    1.8400 0.1086E+07 0.1078E+07 0.1086E+07 0.9141E+06 0.9130E+06 0.9134E+06
    1.8500 0.1087E+07 0.1077E+07 0.1086E+07 0.9145E+06 0.9126E+06 0.9139E+06
    1.8600 0.1088E+07 0.1076E+07 0.1087E+07 0.9149E+06 0.9120E+06 0.9142E+06
    1.8700 0.1089E+07 0.1075E+07 0.1088E+07 0.9151E+06 0.9112E+06 0.9145E+06
    1.8800 0.1090E+07 0.1074E+07 0.1089E+07 0.9153E+06 0.9103E+06 0.9147E+06
    1.8900 0.1091E+07 0.1073E+07 0.1090E+07 0.9154E+06 0.9093E+06 0.9148E+06
    1.9000 0.1092E+07 0.1073E+07 0.1092E+07 0.9154E+06 0.9081E+06 0.9148E+06
    1.9100 0.1094E+07 0.1072E+07 0.1093E+07 0.9154E+06 0.9067E+06 0.9147E+06
    1.9200 0.1096E+07 0.1072E+07 0.1095E+07 0.9152E+06 0.9053E+06 0.9146E+06
    1.9300 0.1097E+07 0.1072E+07 0.1097E+07 0.9150E+06 0.9037E+06 0.9144E+06
    1.9400 0.1099E+07 0.1072E+07 0.1099E+07 0.9147E+06 0.9020E+06 0.9141E+06
    1.9500 0.1101E+07 0.1072E+07 0.1101E+07 0.9143E+06 0.9002E+06 0.9137E+06
    1.9600 0.1103E+07 0.1072E+07 0.1103E+07 0.9139E+06 0.8984E+06 0.9133E+06
    1.9700 0.1106E+07 0.1072E+07 0.1105E+07 0.9134E+06 0.8965E+06 0.9128E+06
    1.9800 0.1108E+07 0.1073E+07 0.1107E+07 0.9129E+06 0.8945E+06 0.9123E+06
    1.9900 0.1110E+07 0.1073E+07 0.1109E+07 0.9123E+06 0.8924E+06 0.9117E+06
    2.0000 0.1112E+07 0.1073E+07 0.1112E+07 0.9117E+06 0.8903E+06 0.9111E+06
    2.0100 0.1115E+07 0.1074E+07 0.1114E+07 0.9111E+06 0.8881E+06 0.9105E+06
    2.0200 0.1117E+07 0.1074E+07 0.1117E+07 0.9105E+06 0.8859E+06 0.9099E+06
    2.0300 0.1120E+07 0.1075E+07 0.1119E+07 0.9099E+06 0.8837E+06 0.9093E+06
    2.0400 0.1122E+07 0.1075E+07 0.1121E+07 0.9094E+06 0.8815E+06 0.9087E+06
    2.0500 0.1124E+07 0.1076E+07 0.1124E+07 0.9088E+06 0.8793E+06 0.9082E+06
    2.0600 0.1127E+07 0.1076E+07 0.1126E+07 0.9083E+06 0.8770E+06 0.9077E+06
    2.0700 0.1129E+07 0.1077E+07 0.1128E+07 0.9078E+06 0.8749E+06 0.9072E+06
    2.0800 0.1131E+07 0.1077E+07 0.1130E+07 0.9074E+06 0.8727E+06 0.9068E+06
    2.0900 0.1133E+07 0.1078E+07 0.1132E+07 0.9071E+06 0.8706E+06 0.9065E+06
    2.1000 0.1135E+07 0.1078E+07 0.1134E+07 0.9068E+06 0.8686E+06 0.9062E+06
    2.1100 0.1137E+07 0.1079E+07 0.1136E+07 0.9066E+06 0.8666E+06 0.9060E+06
    2.1200 0.1138E+07 0.1079E+07 0.1138E+07 0.9066E+06 0.8647E+06 0.9060E+06
    2.1300 0.1140E+07 0.1080E+07 0.1139E+07 0.9066E+06 0.8629E+06 0.9060E+06
    2.1400 0.1141E+07 0.1080E+07 0.1140E+07 0.9067E+06 0.8612E+06 0.9061E+06
    2.1500 0.1142E+07 0.1080E+07 0.1142E+07 0.9070E+06 0.8596E+06 0.9064E+06
    2.1600 0.1143E+07 0.1080E+07 0.1143E+07 0.9074E+06 0.8581E+06 0.9068E+06
    2.1700 0.1144E+07 0.1080E+07 0.1144E+07 0.9079E+06 0.8567E+06 0.9073E+06
    2.1800 0.1145E+07 0.1080E+07 0.1144E+07 0.9086E+06 0.8555E+06 0.9080E+06
    2.1900 0.1146E+07 0.1080E+07 0.1145E+07 0.9094E+06 0.8543E+06 0.9088E+06
    2.2000 0.1146E+07 0.1079E+07 0.1146E+07 0.9103E+06 0.8533E+06 0.9097E+06
    2.2100 0.1147E+07 0.1079E+07 0.1146E+07 0.9114E+06 0.8525E+06 0.9108E+06
    2.2200 0.1147E+07 0.1078E+07 0.1147E+07 0.9126E+06 0.8517E+06 0.9120E+06
    2.2300 0.1147E+07 0.1077E+07 0.1147E+07 0.9139E+06 0.8511E+06 0.9133E+06
    2.2400 0.1148E+07 0.1076E+07 0.1147E+07 0.9154E+06 0.8506E+06 0.9148E+06
    2.2500 0.1148E+07 0.1075E+07 0.1147E+07 0.9170E+06 0.8502E+06 0.9164E+06
    2.2600 0.1148E+07 0.1074E+07 0.1147E+07 0.9187E+06 0.8500E+06 0.9181E+06
    2.2700 0.1148E+07 0.1073E+07 0.1147E+07 0.9205E+06 0.8499E+06 0.9200E+06
    2.2800 0.1148E+07 0.1071E+07 0.1147E+07 0.9225E+06 0.8499E+06 0.9219E+06
    2.2900 0.1147E+07 0.1070E+07 0.1147E+07 0.9245E+06 0.8500E+06 0.9240E+06
    2.3000 0.1147E+07 0.1068E+07 0.1146E+07 0.9267E+06 0.8502E+06 0.9261E+06
    2.3100 0.1147E+07 0.1067E+07 0.1146E+07 0.9289E+06 0.8505E+06 0.9283E+06
    2.3200 0.1146E+07 0.1065E+07 0.1146E+07 0.9312E+06 0.8509E+06 0.9306E+06
    2.3300 0.1146E+07 0.1063E+07 0.1145E+07 0.9335E+06 0.8513E+06 0.9329E+06
    2.3400 0.1145E+07 0.1061E+07 0.1145E+07 0.9359E+06 0.8519E+06 0.9353E+06
    2.3500 0.1145E+07 0.1060E+07 0.1144E+07 0.9383E+06 0.8524E+06 0.9377E+06
    2.3600 0.1144E+07 0.1058E+07 0.1143E+07 0.9407E+06 0.8531E+06 0.9401E+06
    2.3700 0.1144E+07 0.1056E+07 0.1143E+07 0.9431E+06 0.8537E+06 0.9425E+06
    2.3800 0.1143E+07 0.1054E+07 0.1142E+07 0.9455E+06 0.8544E+06 0.9449E+06
    2.3900 0.1142E+07 0.1052E+07 0.1142E+07 0.9478E+06 0.8551E+06 0.9472E+06
    2.4000 0.1142E+07 0.1050E+07 0.1141E+07 0.9501E+06 0.8559E+06 0.9495E+06
    2.4100 0.1141E+07 0.1048E+07 0.1141E+07 0.9523E+06 0.8566E+06 0.9518E+06
    2.4200 0.1141E+07 0.1046E+07 0.1140E+07 0.9544E+06 0.8573E+06 0.9539E+06
    2.4300 0.1141E+07 0.1045E+07 0.1140E+07 0.9565E+06 0.8581E+06 0.9559E+06
    2.4400 0.1140E+07 0.1043E+07 0.1140E+07 0.9584E+06 0.8588E+06 0.9578E+06
    2.4500 0.1140E+07 0.1041E+07 0.1139E+07 0.9602E+06 0.8595E+06 0.9596E+06
    2.4600 0.1140E+07 0.1040E+07 0.1139E+07 0.9619E+06 0.8601E+06 0.9613E+06
    2.4700 0.1140E+07 0.1039E+07 0.1139E+07 0.9634E+06 0.8607E+06 0.9628E+06
    2.4800 0.1140E+07 0.1037E+07 0.1139E+07 0.9648E+06 0.8613E+06 0.9642E+06
    2.4900 0.1140E+07 0.1036E+07 0.1140E+07 0.9660E+06 0.8617E+06 0.9655E+06
    2.5000 0.1140E+07 0.1035E+07 0.1140E+07 0.9671E+06 0.8622E+06 0.9665E+06
    2.5100 0.1141E+07 0.1034E+07 0.1140E+07 0.9680E+06 0.8625E+06 0.9675E+06
    2.5200 0.1141E+07 0.1033E+07 0.1141E+07 0.9689E+06 0.8627E+06 0.9683E+06
    2.5300 0.1142E+07 0.1032E+07 0.1141E+07 0.9695E+06 0.8628E+06 0.9690E+06
    2.5400 0.1143E+07 0.1032E+07 0.1142E+07 0.9701E+06 0.8629E+06 0.9695E+06
    2.5500 0.1144E+07 0.1031E+07 0.1143E+07 0.9705E+06 0.8627E+06 0.9699E+06
    2.5600 0.1145E+07 0.1031E+07 0.1144E+07 0.9708E+06 0.8625E+06 0.9702E+06
    2.5700 0.1146E+07 0.1031E+07 0.1145E+07 0.9710E+06 0.8621E+06 0.9705E+06
    2.5800 0.1147E+07 0.1031E+07 0.1147E+07 0.9712E+06 0.8616E+06 0.9706E+06
    2.5900 0.1149E+07 0.1031E+07 0.1148E+07 0.9712E+06 0.8610E+06 0.9706E+06
    2.6000 0.1150E+07 0.1031E+07 0.1150E+07 0.9711E+06 0.8602E+06 0.9705E+06
    2.6100 0.1152E+07 0.1032E+07 0.1151E+07 0.9710E+06 0.8593E+06 0.9704E+06
    2.6200 0.1154E+07 0.1032E+07 0.1153E+07 0.9707E+06 0.8584E+06 0.9702E+06
    2.6300 0.1155E+07 0.1033E+07 0.1155E+07 0.9704E+06 0.8573E+06 0.9699E+06
    2.6400 0.1157E+07 0.1033E+07 0.1157E+07 0.9701E+06 0.8562E+06 0.9695E+06
    2.6500 0.1159E+07 0.1034E+07 0.1159E+07 0.9696E+06 0.8550E+06 0.9690E+06
    2.6600 0.1161E+07 0.1035E+07 0.1161E+07 0.9691E+06 0.8537E+06 0.9685E+06
    2.6700 0.1163E+07 0.1036E+07 0.1163E+07 0.9685E+06 0.8524E+06 0.9679E+06
    2.6800 0.1166E+07 0.1037E+07 0.1165E+07 0.9679E+06 0.8510E+06 0.9673E+06
    2.6900 0.1168E+07 0.1038E+07 0.1167E+07 0.9672E+06 0.8497E+06 0.9667E+06
    2.7000 0.1170E+07 0.1040E+07 0.1169E+07 0.9666E+06 0.8483E+06 0.9660E+06
    2.7100 0.1172E+07 0.1041E+07 0.1171E+07 0.9659E+06 0.8469E+06 0.9653E+06
    2.7200 0.1174E+07 0.1042E+07 0.1174E+07 0.9652E+06 0.8455E+06 0.9646E+06
    2.7300 0.1176E+07 0.1043E+07 0.1176E+07 0.9645E+06 0.8441E+06 0.9639E+06
    2.7400 0.1178E+07 0.1045E+07 0.1178E+07 0.9638E+06 0.8428E+06 0.9632E+06
    2.7500 0.1180E+07 0.1046E+07 0.1180E+07 0.9631E+06 0.8414E+06 0.9626E+06
    2.7600 0.1182E+07 0.1047E+07 0.1182E+07 0.9625E+06 0.8401E+06 0.9619E+06
    2.7700 0.1184E+07 0.1049E+07 0.1183E+07 0.9619E+06 0.8389E+06 0.9614E+06
    2.7800 0.1186E+07 0.1050E+07 0.1185E+07 0.9614E+06 0.8377E+06 0.9609E+06
    2.7900 0.1187E+07 0.1051E+07 0.1187E+07 0.9610E+06 0.8366E+06 0.9604E+06
    2.8000 0.1189E+07 0.1053E+07 0.1188E+07 0.9606E+06 0.8356E+06 0.9600E+06
    2.8100 0.1190E+07 0.1054E+07 0.1189E+07 0.9603E+06 0.8347E+06 0.9597E+06
    2.8200 0.1191E+07 0.1055E+07 0.1190E+07 0.9601E+06 0.8338E+06 0.9595E+06
    2.8300 0.1192E+07 0.1056E+07 0.1191E+07 0.9600E+06 0.8331E+06 0.9594E+06
    2.8400 0.1193E+07 0.1057E+07 0.1192E+07 0.9600E+06 0.8325E+06 0.9594E+06
    2.8500 0.1193E+07 0.1058E+07 0.1193E+07 0.9601E+06 0.8320E+06 0.9595E+06
    2.8600 0.1194E+07 0.1059E+07 0.1193E+07 0.9603E+06 0.8316E+06 0.9597E+06
    2.8700 0.1194E+07 0.1060E+07 0.1194E+07 0.9606E+06 0.8314E+06 0.9600E+06
    2.8800 0.1194E+07 0.1060E+07 0.1194E+07 0.9610E+06 0.8313E+06 0.9605E+06
    2.8900 0.1195E+07 0.1061E+07 0.1194E+07 0.9616E+06 0.8313E+06 0.9611E+06
    2.9000 0.1195E+07 0.1061E+07 0.1194E+07 0.9623E+06 0.8314E+06 0.9617E+06
    2.9100 0.1194E+07 0.1062E+07 0.1194E+07 0.9631E+06 0.8317E+06 0.9625E+06
    2.9200 0.1194E+07 0.1062E+07 0.1194E+07 0.9640E+06 0.8322E+06 0.9635E+06
    2.9300 0.1194E+07 0.1062E+07 0.1193E+07 0.9650E+06 0.8327E+06 0.9645E+06
    2.9400 0.1193E+07 0.1062E+07 0.1193E+07 0.9662E+06 0.8334E+06 0.9656E+06
    2.9500 0.1193E+07 0.1062E+07 0.1192E+07 0.9674E+06 0.8342E+06 0.9669E+06
    2.9600 0.1192E+07 0.1061E+07 0.1192E+07 0.9687E+06 0.8351E+06 0.9682E+06
    2.9700 0.1191E+07 0.1061E+07 0.1191E+07 0.9701E+06 0.8362E+06 0.9696E+06
    2.9800 0.1191E+07 0.1060E+07 0.1190E+07 0.9716E+06 0.8373E+06 0.9711E+06
    2.9900 0.1190E+07 0.1060E+07 0.1189E+07 0.9732E+06 0.8385E+06 0.9727E+06
    3.0000 0.1189E+07 0.1059E+07 0.1188E+07 0.9748E+06 0.8399E+06 0.9743E+06
    3.0100 0.1188E+07 0.1059E+07 0.1187E+07 0.9765E+06 0.8413E+06 0.9759E+06
    3.0200 0.1187E+07 0.1058E+07 0.1186E+07 0.9782E+06 0.8428E+06 0.9776E+06
    3.0300 0.1186E+07 0.1057E+07 0.1185E+07 0.9799E+06 0.8443E+06 0.9794E+06
    3.0400 0.1185E+07 0.1056E+07 0.1184E+07 0.9816E+06 0.8459E+06 0.9811E+06
    3.0500 0.1183E+07 0.1055E+07 0.1183E+07 0.9833E+06 0.8476E+06 0.9828E+06
    3.0600 0.1182E+07 0.1055E+07 0.1182E+07 0.9850E+06 0.8493E+06 0.9845E+06
    3.0700 0.1181E+07 0.1054E+07 0.1181E+07 0.9867E+06 0.8510E+06 0.9862E+06
    3.0800 0.1180E+07 0.1053E+07 0.1179E+07 0.9883E+06 0.8527E+06 0.9878E+06
    3.0900 0.1179E+07 0.1052E+07 0.1178E+07 0.9898E+06 0.8545E+06 0.9893E+06
    3.1000 0.1178E+07 0.1052E+07 0.1177E+07 0.9913E+06 0.8562E+06 0.9908E+06
    3.1100 0.1177E+07 0.1051E+07 0.1176E+07 0.9927E+06 0.8579E+06 0.9922E+06
    3.1200 0.1176E+07 0.1050E+07 0.1175E+07 0.9939E+06 0.8597E+06 0.9934E+06
    3.1300 0.1175E+07 0.1050E+07 0.1174E+07 0.9951E+06 0.8613E+06 0.9946E+06
    3.1400 0.1174E+07 0.1049E+07 0.1173E+07 0.9961E+06 0.8630E+06 0.9956E+06
    3.1500 0.1173E+07 0.1049E+07 0.1172E+07 0.9970E+06 0.8646E+06 0.9965E+06
    3.1600 0.1172E+07 0.1048E+07 0.1172E+07 0.9977E+06 0.8662E+06 0.9972E+06
    3.1700 0.1172E+07 0.1048E+07 0.1171E+07 0.9983E+06 0.8676E+06 0.9978E+06
    3.1800 0.1171E+07 0.1048E+07 0.1171E+07 0.9988E+06 0.8691E+06 0.9983E+06
    3.1900 0.1171E+07 0.1048E+07 0.1170E+07 0.9991E+06 0.8704E+06 0.9986E+06
    3.2000 0.1170E+07 0.1048E+07 0.1170E+07 0.9992E+06 0.8717E+06 0.9987E+06
    3.2100 0.1170E+07 0.1049E+07 0.1170E+07 0.9992E+06 0.8729E+06 0.9987E+06
    3.2200 0.1170E+07 0.1049E+07 0.1170E+07 0.9991E+06 0.8739E+06 0.9986E+06
    3.2300 0.1170E+07 0.1049E+07 0.1170E+07 0.9988E+06 0.8749E+06 0.9983E+06
    3.2400 0.1170E+07 0.1050E+07 0.1170E+07 0.9984E+06 0.8757E+06 0.9979E+06
    3.2500 0.1171E+07 0.1051E+07 0.1170E+07 0.9979E+06 0.8764E+06 0.9974E+06
    3.2600 0.1171E+07 0.1052E+07 0.1170E+07 0.9972E+06 0.8770E+06 0.9967E+06
    3.2700 0.1171E+07 0.1053E+07 0.1171E+07 0.9965E+06 0.8775E+06 0.9960E+06
    3.2800 0.1172E+07 0.1054E+07 0.1171E+07 0.9957E+06 0.8778E+06 0.9952E+06
    3.2900 0.1173E+07 0.1055E+07 0.1172E+07 0.9947E+06 0.8780E+06 0.9942E+06
    3.3000 0.1173E+07 0.1056E+07 0.1173E+07 0.9937E+06 0.8781E+06 0.9932E+06
    3.3100 0.1174E+07 0.1058E+07 0.1174E+07 0.9926E+06 0.8781E+06 0.9922E+06
    3.3200 0.1175E+07 0.1059E+07 0.1175E+07 0.9915E+06 0.8780E+06 0.9910E+06
    3.3300 0.1176E+07 0.1061E+07 0.1176E+07 0.9903E+06 0.8778E+06 0.9898E+06
    3.3400 0.1177E+07 0.1063E+07 0.1177E+07 0.9890E+06 0.8776E+06 0.9885E+06
    3.3500 0.1179E+07 0.1065E+07 0.1178E+07 0.9876E+06 0.8772E+06 0.9872E+06
    3.3600 0.1180E+07 0.1066E+07 0.1179E+07 0.9862E+06 0.8768E+06 0.9858E+06
    3.3700 0.1181E+07 0.1068E+07 0.1181E+07 0.9848E+06 0.8764E+06 0.9843E+06
    3.3800 0.1182E+07 0.1070E+07 0.1182E+07 0.9833E+06 0.8759E+06 0.9829E+06
    3.3900 0.1183E+07 0.1072E+07 0.1183E+07 0.9818E+06 0.8755E+06 0.9814E+06
    3.4000 0.1185E+07 0.1075E+07 0.1184E+07 0.9803E+06 0.8750E+06 0.9799E+06
    3.4100 0.1186E+07 0.1077E+07 0.1185E+07 0.9788E+06 0.8745E+06 0.9783E+06
    3.4200 0.1187E+07 0.1079E+07 0.1187E+07 0.9773E+06 0.8740E+06 0.9768E+06
    3.4300 0.1188E+07 0.1081E+07 0.1188E+07 0.9758E+06 0.8735E+06 0.9753E+06
    3.4400 0.1189E+07 0.1083E+07 0.1189E+07 0.9744E+06 0.8731E+06 0.9739E+06
    3.4500 0.1190E+07 0.1085E+07 0.1190E+07 0.9729E+06 0.8727E+06 0.9725E+06
    3.4600 0.1191E+07 0.1087E+07 0.1190E+07 0.9716E+06 0.8723E+06 0.9711E+06
    3.4700 0.1192E+07 0.1089E+07 0.1191E+07 0.9702E+06 0.8720E+06 0.9698E+06
    3.4800 0.1192E+07 0.1091E+07 0.1192E+07 0.9690E+06 0.8718E+06 0.9685E+06
    3.4900 0.1193E+07 0.1093E+07 0.1192E+07 0.9678E+06 0.8716E+06 0.9673E+06
    3.5000 0.1193E+07 0.1095E+07 0.1193E+07 0.9667E+06 0.8715E+06 0.9662E+06
    3.5100 0.1193E+07 0.1097E+07 0.1193E+07 0.9657E+06 0.8715E+06 0.9652E+06
    3.5200 0.1193E+07 0.1099E+07 0.1193E+07 0.9648E+06 0.8716E+06 0.9643E+06
    3.5300 0.1193E+07 0.1100E+07 0.1193E+07 0.9640E+06 0.8717E+06 0.9635E+06
    3.5400 0.1193E+07 0.1102E+07 0.1193E+07 0.9633E+06 0.8720E+06 0.9628E+06
    3.5500 0.1193E+07 0.1103E+07 0.1192E+07 0.9627E+06 0.8724E+06 0.9622E+06
    3.5600 0.1192E+07 0.1105E+07 0.1192E+07 0.9622E+06 0.8729E+06 0.9617E+06
    3.5700 0.1192E+07 0.1106E+07 0.1191E+07 0.9618E+06 0.8735E+06 0.9613E+06
    3.5800 0.1191E+07 0.1107E+07 0.1190E+07 0.9615E+06 0.8743E+06 0.9611E+06
    3.5900 0.1190E+07 0.1108E+07 0.1190E+07 0.9614E+06 0.8751E+06 0.9609E+06
    3.6000 0.1189E+07 0.1109E+07 0.1188E+07 0.9614E+06 0.8761E+06 0.9609E+06
    3.6100 0.1188E+07 0.1110E+07 0.1187E+07 0.9615E+06 0.8772E+06 0.9610E+06
    3.6200 0.1187E+07 0.1110E+07 0.1186E+07 0.9617E+06 0.8784E+06 0.9612E+06
    3.6300 0.1185E+07 0.1111E+07 0.1185E+07 0.9620E+06 0.8797E+06 0.9615E+06
    3.6400 0.1184E+07 0.1111E+07 0.1184E+07 0.9624E+06 0.8811E+06 0.9619E+06
    3.6500 0.1183E+07 0.1111E+07 0.1182E+07 0.9629E+06 0.8826E+06 0.9624E+06
    3.6600 0.1181E+07 0.1111E+07 0.1181E+07 0.9635E+06 0.8842E+06 0.9630E+06
    3.6700 0.1180E+07 0.1111E+07 0.1179E+07 0.9641E+06 0.8858E+06 0.9636E+06
    3.6800 0.1178E+07 0.1111E+07 0.1177E+07 0.9649E+06 0.8876E+06 0.9644E+06
    3.6900 0.1176E+07 0.1111E+07 0.1176E+07 0.9656E+06 0.8894E+06 0.9652E+06
    3.7000 0.1175E+07 0.1111E+07 0.1174E+07 0.9665E+06 0.8913E+06 0.9660E+06
    3.7100 0.1173E+07 0.1111E+07 0.1172E+07 0.9673E+06 0.8932E+06 0.9668E+06
    3.7200 0.1171E+07 0.1110E+07 0.1170E+07 0.9682E+06 0.8952E+06 0.9677E+06
    3.7300 0.1169E+07 0.1110E+07 0.1169E+07 0.9691E+06 0.8972E+06 0.9686E+06
    3.7400 0.1167E+07 0.1110E+07 0.1167E+07 0.9700E+06 0.8993E+06 0.9695E+06
    3.7500 0.1166E+07 0.1109E+07 0.1165E+07 0.9709E+06 0.9013E+06 0.9704E+06
    3.7600 0.1164E+07 0.1109E+07 0.1163E+07 0.9718E+06 0.9034E+06 0.9713E+06
    3.7700 0.1162E+07 0.1109E+07 0.1161E+07 0.9726E+06 0.9054E+06 0.9721E+06
    3.7800 0.1160E+07 0.1108E+07 0.1160E+07 0.9733E+06 0.9075E+06 0.9728E+06
    3.7900 0.1158E+07 0.1108E+07 0.1158E+07 0.9740E+06 0.9095E+06 0.9735E+06
    3.8000 0.1157E+07 0.1108E+07 0.1156E+07 0.9746E+06 0.9115E+06 0.9741E+06
    3.8100 0.1155E+07 0.1107E+07 0.1155E+07 0.9751E+06 0.9135E+06 0.9746E+06
    3.8200 0.1154E+07 0.1107E+07 0.1153E+07 0.9755E+06 0.9154E+06 0.9750E+06
    3.8300 0.1152E+07 0.1107E+07 0.1152E+07 0.9758E+06 0.9173E+06 0.9753E+06
    3.8400 0.1151E+07 0.1107E+07 0.1150E+07 0.9760E+06 0.9191E+06 0.9755E+06
    3.8500 0.1150E+07 0.1107E+07 0.1149E+07 0.9760E+06 0.9208E+06 0.9755E+06
    3.8600 0.1148E+07 0.1107E+07 0.1148E+07 0.9760E+06 0.9224E+06 0.9754E+06
    3.8700 0.1147E+07 0.1107E+07 0.1147E+07 0.9758E+06 0.9240E+06 0.9752E+06
    3.8800 0.1146E+07 0.1108E+07 0.1146E+07 0.9754E+06 0.9255E+06 0.9748E+06
    3.8900 0.1145E+07 0.1108E+07 0.1145E+07 0.9749E+06 0.9269E+06 0.9744E+06
    3.9000 0.1145E+07 0.1108E+07 0.1144E+07 0.9743E+06 0.9281E+06 0.9737E+06
    3.9100 0.1144E+07 0.1109E+07 0.1143E+07 0.9736E+06 0.9293E+06 0.9730E+06
    3.9200 0.1144E+07 0.1110E+07 0.1143E+07 0.9727E+06 0.9303E+06 0.9721E+06
    3.9300 0.1143E+07 0.1111E+07 0.1142E+07 0.9717E+06 0.9313E+06 0.9711E+06
    3.9400 0.1143E+07 0.1112E+07 0.1142E+07 0.9707E+06 0.9321E+06 0.9700E+06
    3.9500 0.1143E+07 0.1113E+07 0.1142E+07 0.9695E+06 0.9327E+06 0.9689E+06
    3.9600 0.1143E+07 0.1114E+07 0.1142E+07 0.9682E+06 0.9333E+06 0.9676E+06
    3.9700 0.1143E+07 0.1115E+07 0.1142E+07 0.9668E+06 0.9337E+06 0.9662E+06
    3.9800 0.1143E+07 0.1116E+07 0.1142E+07 0.9654E+06 0.9340E+06 0.9648E+06
    3.9900 0.1143E+07 0.1118E+07 0.1143E+07 0.9639E+06 0.9342E+06 0.9633E+06
    4.0000 0.1144E+07 0.1119E+07 0.1143E+07 0.9623E+06 0.9342E+06 0.9617E+06
    4.0100 0.1144E+07 0.1121E+07 0.1144E+07 0.9607E+06 0.9342E+06 0.9601E+06
    4.0200 0.1145E+07 0.1123E+07 0.1144E+07 0.9591E+06 0.9340E+06 0.9584E+06
    4.0300 0.1145E+07 0.1124E+07 0.1145E+07 0.9574E+06 0.9338E+06 0.9567E+06
    4.0400 0.1146E+07 0.1126E+07 0.1145E+07 0.9556E+06 0.9334E+06 0.9550E+06
    4.0500 0.1147E+07 0.1128E+07 0.1146E+07 0.9539E+06 0.9331E+06 0.9532E+06
    4.0600 0.1148E+07 0.1130E+07 0.1147E+07 0.9521E+06 0.9326E+06 0.9514E+06
    4.0700 0.1148E+07 0.1132E+07 0.1148E+07 0.9503E+06 0.9322E+06 0.9496E+06
    4.0800 0.1149E+07 0.1134E+07 0.1149E+07 0.9485E+06 0.9317E+06 0.9478E+06
    4.0900 0.1150E+07 0.1136E+07 0.1149E+07 0.9467E+06 0.9311E+06 0.9460E+06
    4.1000 0.1151E+07 0.1138E+07 0.1150E+07 0.9449E+06 0.9306E+06 0.9442E+06
    4.1100 0.1152E+07 0.1140E+07 0.1151E+07 0.9431E+06 0.9301E+06 0.9424E+06
    4.1200 0.1152E+07 0.1142E+07 0.1151E+07 0.9414E+06 0.9296E+06 0.9407E+06
    4.1300 0.1153E+07 0.1144E+07 0.1152E+07 0.9397E+06 0.9291E+06 0.9390E+06
    4.1400 0.1154E+07 0.1146E+07 0.1153E+07 0.9381E+06 0.9286E+06 0.9373E+06
    4.1500 0.1154E+07 0.1147E+07 0.1153E+07 0.9365E+06 0.9282E+06 0.9357E+06
    4.1600 0.1154E+07 0.1149E+07 0.1154E+07 0.9349E+06 0.9278E+06 0.9342E+06
    4.1700 0.1155E+07 0.1151E+07 0.1154E+07 0.9335E+06 0.9275E+06 0.9327E+06
    4.1800 0.1155E+07 0.1153E+07 0.1154E+07 0.9321E+06 0.9272E+06 0.9314E+06
    4.1900 0.1155E+07 0.1154E+07 0.1154E+07 0.9309E+06 0.9270E+06 0.9301E+06
    4.2000 0.1155E+07 0.1156E+07 0.1154E+07 0.9297E+06 0.9269E+06 0.9289E+06
    4.2100 0.1155E+07 0.1157E+07 0.1154E+07 0.9287E+06 0.9269E+06 0.9279E+06
    4.2200 0.1154E+07 0.1159E+07 0.1154E+07 0.9277E+06 0.9269E+06 0.9269E+06
    4.2300 0.1154E+07 0.1160E+07 0.1153E+07 0.9269E+06 0.9271E+06 0.9260E+06
    4.2400 0.1153E+07 0.1161E+07 0.1153E+07 0.9261E+06 0.9273E+06 0.9253E+06
    4.2500 0.1153E+07 0.1162E+07 0.1152E+07 0.9255E+06 0.9277E+06 0.9247E+06
    4.2600 0.1152E+07 0.1163E+07 0.1151E+07 0.9251E+06 0.9281E+06 0.9242E+06
    4.2700 0.1151E+07 0.1164E+07 0.1150E+07 0.9247E+06 0.9286E+06 0.9239E+06
    4.2800 0.1150E+07 0.1164E+07 0.1149E+07 0.9245E+06 0.9293E+06 0.9236E+06
    4.2900 0.1149E+07 0.1165E+07 0.1148E+07 0.9243E+06 0.9300E+06 0.9235E+06
    4.3000 0.1148E+07 0.1165E+07 0.1147E+07 0.9243E+06 0.9309E+06 0.9235E+06
    4.3100 0.1146E+07 0.1166E+07 0.1145E+07 0.9245E+06 0.9318E+06 0.9236E+06
    4.3200 0.1145E+07 0.1166E+07 0.1144E+07 0.9247E+06 0.9329E+06 0.9238E+06
    4.3300 0.1144E+07 0.1166E+07 0.1143E+07 0.9250E+06 0.9340E+06 0.9241E+06
    4.3400 0.1142E+07 0.1166E+07 0.1141E+07 0.9254E+06 0.9352E+06 0.9246E+06
    4.3500 0.1140E+07 0.1166E+07 0.1139E+07 0.9260E+06 0.9365E+06 0.9251E+06
    4.3600 0.1139E+07 0.1165E+07 0.1138E+07 0.9266E+06 0.9379E+06 0.9257E+06
    4.3700 0.1137E+07 0.1165E+07 0.1136E+07 0.9272E+06 0.9393E+06 0.9263E+06
    4.3800 0.1136E+07 0.1164E+07 0.1135E+07 0.9280E+06 0.9408E+06 0.9271E+06
    4.3900 0.1134E+07 0.1164E+07 0.1133E+07 0.9288E+06 0.9423E+06 0.9278E+06
    4.4000 0.1132E+07 0.1163E+07 0.1131E+07 0.9296E+06 0.9439E+06 0.9287E+06
    4.4100 0.1130E+07 0.1163E+07 0.1129E+07 0.9304E+06 0.9455E+06 0.9295E+06
    4.4200 0.1129E+07 0.1162E+07 0.1128E+07 0.9313E+06 0.9471E+06 0.9304E+06
    4.4300 0.1127E+07 0.1161E+07 0.1126E+07 0.9322E+06 0.9487E+06 0.9313E+06
    4.4400 0.1125E+07 0.1160E+07 0.1124E+07 0.9331E+06 0.9504E+06 0.9321E+06
    4.4500 0.1124E+07 0.1160E+07 0.1122E+07 0.9339E+06 0.9520E+06 0.9330E+06
    4.4600 0.1122E+07 0.1159E+07 0.1121E+07 0.9347E+06 0.9536E+06 0.9338E+06
    4.4700 0.1120E+07 0.1158E+07 0.1119E+07 0.9355E+06 0.9552E+06 0.9345E+06
    4.4800 0.1119E+07 0.1158E+07 0.1118E+07 0.9362E+06 0.9568E+06 0.9352E+06
    4.4900 0.1117E+07 0.1157E+07 0.1116E+07 0.9368E+06 0.9583E+06 0.9359E+06
    4.5000 0.1116E+07 0.1156E+07 0.1115E+07 0.9374E+06 0.9598E+06 0.9364E+06
    4.5100 0.1114E+07 0.1156E+07 0.1113E+07 0.9378E+06 0.9612E+06 0.9369E+06
    4.5200 0.1113E+07 0.1155E+07 0.1112E+07 0.9382E+06 0.9626E+06 0.9372E+06
    4.5300 0.1112E+07 0.1155E+07 0.1111E+07 0.9385E+06 0.9639E+06 0.9375E+06
    4.5400 0.1111E+07 0.1155E+07 0.1110E+07 0.9386E+06 0.9651E+06 0.9376E+06
    4.5500 0.1110E+07 0.1154E+07 0.1109E+07 0.9387E+06 0.9663E+06 0.9376E+06
    4.5600 0.1109E+07 0.1154E+07 0.1108E+07 0.9386E+06 0.9673E+06 0.9375E+06
    4.5700 0.1108E+07 0.1154E+07 0.1107E+07 0.9384E+06 0.9683E+06 0.9373E+06
    4.5800 0.1107E+07 0.1154E+07 0.1106E+07 0.9380E+06 0.9691E+06 0.9370E+06
    4.5900 0.1107E+07 0.1154E+07 0.1106E+07 0.9376E+06 0.9699E+06 0.9365E+06
    4.6000 0.1107E+07 0.1154E+07 0.1105E+07 0.9370E+06 0.9705E+06 0.9360E+06
    4.6100 0.1106E+07 0.1155E+07 0.1105E+07 0.9363E+06 0.9710E+06 0.9353E+06
    4.6200 0.1106E+07 0.1155E+07 0.1105E+07 0.9356E+06 0.9715E+06 0.9345E+06
    4.6300 0.1106E+07 0.1156E+07 0.1105E+07 0.9347E+06 0.9717E+06 0.9336E+06
    4.6400 0.1106E+07 0.1156E+07 0.1105E+07 0.9337E+06 0.9719E+06 0.9326E+06
    4.6500 0.1106E+07 0.1157E+07 0.1105E+07 0.9326E+06 0.9720E+06 0.9316E+06
    4.6600 0.1107E+07 0.1158E+07 0.1106E+07 0.9315E+06 0.9719E+06 0.9304E+06
    4.6700 0.1107E+07 0.1159E+07 0.1106E+07 0.9303E+06 0.9717E+06 0.9292E+06
    4.6800 0.1108E+07 0.1160E+07 0.1106E+07 0.9290E+06 0.9714E+06 0.9279E+06
    4.6900 0.1108E+07 0.1161E+07 0.1107E+07 0.9277E+06 0.9710E+06 0.9266E+06
    4.7000 0.1109E+07 0.1162E+07 0.1108E+07 0.9264E+06 0.9704E+06 0.9253E+06
    4.7100 0.1110E+07 0.1163E+07 0.1109E+07 0.9250E+06 0.9698E+06 0.9239E+06
    4.7200 0.1111E+07 0.1164E+07 0.1109E+07 0.9236E+06 0.9691E+06 0.9224E+06
    4.7300 0.1111E+07 0.1166E+07 0.1110E+07 0.9221E+06 0.9683E+06 0.9210E+06
    4.7400 0.1112E+07 0.1167E+07 0.1111E+07 0.9207E+06 0.9675E+06 0.9195E+06
    4.7500 0.1113E+07 0.1168E+07 0.1112E+07 0.9192E+06 0.9666E+06 0.9181E+06
    4.7600 0.1114E+07 0.1170E+07 0.1113E+07 0.9177E+06 0.9657E+06 0.9166E+06
    4.7700 0.1115E+07 0.1171E+07 0.1114E+07 0.9163E+06 0.9647E+06 0.9151E+06
    4.7800 0.1116E+07 0.1173E+07 0.1115E+07 0.9148E+06 0.9638E+06 0.9137E+06
    4.7900 0.1117E+07 0.1174E+07 0.1116E+07 0.9134E+06 0.9628E+06 0.9122E+06
    4.8000 0.1118E+07 0.1175E+07 0.1117E+07 0.9120E+06 0.9618E+06 0.9108E+06
    4.8100 0.1119E+07 0.1177E+07 0.1118E+07 0.9106E+06 0.9609E+06 0.9095E+06
    4.8200 0.1120E+07 0.1178E+07 0.1119E+07 0.9093E+06 0.9599E+06 0.9081E+06
    4.8300 0.1121E+07 0.1180E+07 0.1120E+07 0.9080E+06 0.9590E+06 0.9069E+06
    4.8400 0.1122E+07 0.1181E+07 0.1121E+07 0.9068E+06 0.9582E+06 0.9056E+06
    4.8500 0.1122E+07 0.1182E+07 0.1121E+07 0.9057E+06 0.9574E+06 0.9045E+06
    4.8600 0.1123E+07 0.1183E+07 0.1122E+07 0.9046E+06 0.9567E+06 0.9034E+06
    4.8700 0.1123E+07 0.1185E+07 0.1122E+07 0.9036E+06 0.9560E+06 0.9025E+06
    4.8800 0.1124E+07 0.1186E+07 0.1123E+07 0.9028E+06 0.9554E+06 0.9016E+06
    4.8900 0.1124E+07 0.1187E+07 0.1123E+07 0.9020E+06 0.9549E+06 0.9008E+06
    4.9000 0.1124E+07 0.1187E+07 0.1123E+07 0.9013E+06 0.9544E+06 0.9001E+06
    4.9100 0.1124E+07 0.1188E+07 0.1123E+07 0.9007E+06 0.9541E+06 0.8995E+06
    4.9200 0.1124E+07 0.1189E+07 0.1123E+07 0.9003E+06 0.9538E+06 0.8991E+06
    4.9300 0.1124E+07 0.1190E+07 0.1122E+07 0.8999E+06 0.9536E+06 0.8987E+06
    4.9400 0.1123E+07 0.1190E+07 0.1122E+07 0.8997E+06 0.9536E+06 0.8985E+06
    4.9500 0.1123E+07 0.1190E+07 0.1122E+07 0.8996E+06 0.9536E+06 0.8984E+06
    4.9600 0.1122E+07 0.1191E+07 0.1121E+07 0.8996E+06 0.9537E+06 0.8984E+06
    4.9700 0.1121E+07 0.1191E+07 0.1120E+07 0.8997E+06 0.9540E+06 0.8985E+06
    4.9800 0.1121E+07 0.1191E+07 0.1119E+07 0.8999E+06 0.9543E+06 0.8987E+06
    4.9900 0.1120E+07 0.1191E+07 0.1119E+07 0.9003E+06 0.9547E+06 0.8991E+06
    5.0000 0.1119E+07 0.1191E+07 0.1118E+07 0.9008E+06 0.9553E+06 0.8996E+06
    5.0100 0.1118E+07 0.1190E+07 0.1116E+07 0.9013E+06 0.9559E+06 0.9001E+06
    5.0200 0.1117E+07 0.1190E+07 0.1115E+07 0.9020E+06 0.9566E+06 0.9008E+06
    5.0300 0.1115E+07 0.1189E+07 0.1114E+07 0.9027E+06 0.9574E+06 0.9015E+06
    5.0400 0.1114E+07 0.1189E+07 0.1113E+07 0.9036E+06 0.9583E+06 0.9024E+06
    5.0500 0.1113E+07 0.1188E+07 0.1112E+07 0.9045E+06 0.9592E+06 0.9033E+06
    5.0600 0.1112E+07 0.1187E+07 0.1110E+07 0.9055E+06 0.9602E+06 0.9043E+06
    5.0700 0.1110E+07 0.1186E+07 0.1109E+07 0.9065E+06 0.9612E+06 0.9053E+06
    5.0800 0.1109E+07 0.1185E+07 0.1108E+07 0.9076E+06 0.9623E+06 0.9064E+06
    5.0900 0.1108E+07 0.1184E+07 0.1106E+07 0.9087E+06 0.9635E+06 0.9076E+06
    5.1000 0.1106E+07 0.1183E+07 0.1105E+07 0.9099E+06 0.9646E+06 0.9087E+06
    5.1100 0.1105E+07 0.1182E+07 0.1104E+07 0.9110E+06 0.9658E+06 0.9099E+06
    5.1200 0.1104E+07 0.1181E+07 0.1102E+07 0.9122E+06 0.9670E+06 0.9110E+06
    5.1300 0.1102E+07 0.1180E+07 0.1101E+07 0.9133E+06 0.9682E+06 0.9122E+06
    5.1400 0.1101E+07 0.1179E+07 0.1100E+07 0.9145E+06 0.9694E+06 0.9133E+06
    5.1500 0.1100E+07 0.1178E+07 0.1099E+07 0.9155E+06 0.9706E+06 0.9144E+06
    5.1600 0.1099E+07 0.1177E+07 0.1097E+07 0.9166E+06 0.9717E+06 0.9154E+06
    5.1700 0.1097E+07 0.1176E+07 0.1096E+07 0.9175E+06 0.9729E+06 0.9164E+06
    5.1800 0.1096E+07 0.1175E+07 0.1095E+07 0.9185E+06 0.9739E+06 0.9173E+06
    5.1900 0.1095E+07 0.1174E+07 0.1094E+07 0.9193E+06 0.9750E+06 0.9181E+06
    5.2000 0.1094E+07 0.1173E+07 0.1093E+07 0.9200E+06 0.9760E+06 0.9189E+06
    5.2100 0.1093E+07 0.1172E+07 0.1092E+07 0.9206E+06 0.9769E+06 0.9195E+06
    5.2200 0.1093E+07 0.1171E+07 0.1091E+07 0.9212E+06 0.9778E+06 0.9200E+06
    5.2300 0.1092E+07 0.1171E+07 0.1091E+07 0.9216E+06 0.9786E+06 0.9205E+06
    5.2400 0.1091E+07 0.1170E+07 0.1090E+07 0.9219E+06 0.9793E+06 0.9208E+06
    5.2500 0.1091E+07 0.1169E+07 0.1090E+07 0.9221E+06 0.9799E+06 0.9210E+06
    5.2600 0.1090E+07 0.1169E+07 0.1089E+07 0.9222E+06 0.9805E+06 0.9210E+06
    5.2700 0.1090E+07 0.1169E+07 0.1089E+07 0.9221E+06 0.9809E+06 0.9210E+06
    5.2800 0.1090E+07 0.1169E+07 0.1089E+07 0.9220E+06 0.9812E+06 0.9208E+06
    5.2900 0.1090E+07 0.1169E+07 0.1089E+07 0.9217E+06 0.9815E+06 0.9206E+06
    5.3000 0.1090E+07 0.1169E+07 0.1089E+07 0.9213E+06 0.9816E+06 0.9202E+06
    5.3100 0.1090E+07 0.1169E+07 0.1089E+07 0.9208E+06 0.9817E+06 0.9197E+06
    5.3200 0.1090E+07 0.1169E+07 0.1089E+07 0.9202E+06 0.9816E+06 0.9191E+06
    5.3300 0.1091E+07 0.1169E+07 0.1090E+07 0.9195E+06 0.9814E+06 0.9184E+06
    5.3400 0.1091E+07 0.1170E+07 0.1090E+07 0.9187E+06 0.9812E+06 0.9176E+06
    5.3500 0.1092E+07 0.1170E+07 0.1091E+07 0.9179E+06 0.9808E+06 0.9168E+06
    5.3600 0.1093E+07 0.1171E+07 0.1091E+07 0.9170E+06 0.9803E+06 0.9159E+06
    5.3700 0.1093E+07 0.1171E+07 0.1092E+07 0.9160E+06 0.9797E+06 0.9149E+06
    5.3800 0.1094E+07 0.1172E+07 0.1093E+07 0.9150E+06 0.9790E+06 0.9139E+06
    5.3900 0.1095E+07 0.1173E+07 0.1094E+07 0.9139E+06 0.9782E+06 0.9128E+06
    5.4000 0.1096E+07 0.1174E+07 0.1095E+07 0.9128E+06 0.9773E+06 0.9117E+06
    5.4100 0.1097E+07 0.1175E+07 0.1096E+07 0.9116E+06 0.9764E+06 0.9105E+06
    5.4200 0.1099E+07 0.1176E+07 0.1097E+07 0.9105E+06 0.9754E+06 0.9094E+06
    5.4300 0.1100E+07 0.1177E+07 0.1099E+07 0.9093E+06 0.9744E+06 0.9082E+06
    5.4400 0.1101E+07 0.1178E+07 0.1100E+07 0.9081E+06 0.9733E+06 0.9070E+06
    5.4500 0.1102E+07 0.1179E+07 0.1101E+07 0.9069E+06 0.9722E+06 0.9059E+06
    5.4600 0.1103E+07 0.1180E+07 0.1102E+07 0.9058E+06 0.9710E+06 0.9047E+06
    5.4700 0.1105E+07 0.1182E+07 0.1104E+07 0.9046E+06 0.9699E+06 0.9036E+06
    5.4800 0.1106E+07 0.1183E+07 0.1105E+07 0.9035E+06 0.9688E+06 0.9024E+06
    5.4900 0.1107E+07 0.1184E+07 0.1106E+07 0.9024E+06 0.9677E+06 0.9013E+06
    5.5000 0.1108E+07 0.1185E+07 0.1107E+07 0.9013E+06 0.9666E+06 0.9002E+06
    5.5100 0.1109E+07 0.1186E+07 0.1108E+07 0.9003E+06 0.9655E+06 0.8992E+06
    5.5200 0.1110E+07 0.1187E+07 0.1109E+07 0.8993E+06 0.9645E+06 0.8982E+06
    5.5300 0.1111E+07 0.1188E+07 0.1110E+07 0.8983E+06 0.9635E+06 0.8973E+06
    5.5400 0.1112E+07 0.1189E+07 0.1111E+07 0.8975E+06 0.9626E+06 0.8965E+06
    5.5500 0.1113E+07 0.1190E+07 0.1112E+07 0.8967E+06 0.9618E+06 0.8957E+06
    5.5600 0.1113E+07 0.1191E+07 0.1112E+07 0.8960E+06 0.9610E+06 0.8950E+06
    5.5700 0.1114E+07 0.1192E+07 0.1113E+07 0.8954E+06 0.9604E+06 0.8944E+06
    5.5800 0.1114E+07 0.1193E+07 0.1113E+07 0.8948E+06 0.9598E+06 0.8939E+06
    5.5900 0.1114E+07 0.1193E+07 0.1113E+07 0.8944E+06 0.9593E+06 0.8934E+06
    5.6000 0.1115E+07 0.1194E+07 0.1114E+07 0.8941E+06 0.9588E+06 0.8931E+06
    5.6100 0.1115E+07 0.1194E+07 0.1114E+07 0.8939E+06 0.9585E+06 0.8929E+06
    5.6200 0.1115E+07 0.1195E+07 0.1114E+07 0.8937E+06 0.9583E+06 0.8928E+06
    5.6300 0.1114E+07 0.1195E+07 0.1113E+07 0.8937E+06 0.9582E+06 0.8928E+06
    5.6400 0.1114E+07 0.1195E+07 0.1113E+07 0.8938E+06 0.9582E+06 0.8929E+06
    5.6500 0.1114E+07 0.1195E+07 0.1113E+07 0.8940E+06 0.9582E+06 0.8931E+06
    5.6600 0.1113E+07 0.1195E+07 0.1112E+07 0.8943E+06 0.9584E+06 0.8934E+06
    5.6700 0.1112E+07 0.1195E+07 0.1111E+07 0.8948E+06 0.9587E+06 0.8939E+06
    5.6800 0.1112E+07 0.1195E+07 0.1111E+07 0.8953E+06 0.9591E+06 0.8944E+06
    5.6900 0.1111E+07 0.1195E+07 0.1110E+07 0.8959E+06 0.9596E+06 0.8950E+06
    5.7000 0.1110E+07 0.1194E+07 0.1109E+07 0.8966E+06 0.9601E+06 0.8958E+06
    5.7100 0.1109E+07 0.1194E+07 0.1108E+07 0.8974E+06 0.9608E+06 0.8966E+06
    5.7200 0.1108E+07 0.1193E+07 0.1107E+07 0.8983E+06 0.9615E+06 0.8975E+06
    5.7300 0.1107E+07 0.1192E+07 0.1106E+07 0.8993E+06 0.9623E+06 0.8984E+06
    5.7400 0.1106E+07 0.1192E+07 0.1105E+07 0.9003E+06 0.9632E+06 0.8995E+06
    5.7500 0.1105E+07 0.1191E+07 0.1104E+07 0.9014E+06 0.9642E+06 0.9006E+06
    5.7600 0.1104E+07 0.1190E+07 0.1103E+07 0.9025E+06 0.9652E+06 0.9017E+06
    5.7700 0.1102E+07 0.1189E+07 0.1101E+07 0.9037E+06 0.9662E+06 0.9029E+06
    5.7800 0.1101E+07 0.1188E+07 0.1100E+07 0.9049E+06 0.9673E+06 0.9041E+06
    5.7900 0.1100E+07 0.1187E+07 0.1099E+07 0.9061E+06 0.9684E+06 0.9053E+06
    5.8000 0.1099E+07 0.1186E+07 0.1098E+07 0.9073E+06 0.9696E+06 0.9066E+06
    5.8100 0.1098E+07 0.1185E+07 0.1097E+07 0.9085E+06 0.9707E+06 0.9078E+06
    5.8200 0.1096E+07 0.1184E+07 0.1096E+07 0.9097E+06 0.9719E+06 0.9090E+06
    5.8300 0.1095E+07 0.1183E+07 0.1095E+07 0.9109E+06 0.9731E+06 0.9101E+06
    5.8400 0.1094E+07 0.1182E+07 0.1093E+07 0.9120E+06 0.9742E+06 0.9113E+06
    5.8500 0.1093E+07 0.1181E+07 0.1092E+07 0.9131E+06 0.9753E+06 0.9123E+06
    5.8600 0.1092E+07 0.1180E+07 0.1091E+07 0.9140E+06 0.9764E+06 0.9133E+06
    5.8700 0.1091E+07 0.1179E+07 0.1090E+07 0.9150E+06 0.9775E+06 0.9143E+06
    5.8800 0.1090E+07 0.1178E+07 0.1090E+07 0.9158E+06 0.9785E+06 0.9151E+06
    5.8900 0.1090E+07 0.1177E+07 0.1089E+07 0.9166E+06 0.9795E+06 0.9159E+06
    5.9000 0.1089E+07 0.1177E+07 0.1088E+07 0.9172E+06 0.9804E+06 0.9165E+06
    5.9100 0.1088E+07 0.1176E+07 0.1087E+07 0.9177E+06 0.9813E+06 0.9171E+06
    5.9200 0.1088E+07 0.1175E+07 0.1087E+07 0.9182E+06 0.9821E+06 0.9175E+06
    5.9300 0.1087E+07 0.1175E+07 0.1086E+07 0.9185E+06 0.9828E+06 0.9179E+06
    5.9400 0.1087E+07 0.1175E+07 0.1086E+07 0.9187E+06 0.9835E+06 0.9181E+06
    5.9500 0.1086E+07 0.1174E+07 0.1086E+07 0.9188E+06 0.9840E+06 0.9182E+06
    5.9600 0.1086E+07 0.1174E+07 0.1086E+07 0.9187E+06 0.9845E+06 0.9181E+06
    5.9700 0.1086E+07 0.1174E+07 0.1085E+07 0.9186E+06 0.9849E+06 0.9180E+06
    5.9800 0.1086E+07 0.1174E+07 0.1086E+07 0.9183E+06 0.9852E+06 0.9177E+06
    5.9900 0.1086E+07 0.1174E+07 0.1086E+07 0.9179E+06 0.9854E+06 0.9173E+06
    6.0000 0.1087E+07 0.1175E+07 0.1086E+07 0.9174E+06 0.9856E+06 0.9168E+06
    6.0100 0.1087E+07 0.1175E+07 0.1086E+07 0.9168E+06 0.9856E+06 0.9163E+06
    6.0200 0.1087E+07 0.1175E+07 0.1087E+07 0.9162E+06 0.9855E+06 0.9156E+06
    6.0300 0.1088E+07 0.1176E+07 0.1087E+07 0.9154E+06 0.9854E+06 0.9148E+06
    6.0400 0.1089E+07 0.1177E+07 0.1088E+07 0.9145E+06 0.9851E+06 0.9140E+06
    6.0500 0.1089E+07 0.1177E+07 0.1089E+07 0.9136E+06 0.9848E+06 0.9131E+06
    6.0600 0.1090E+07 0.1178E+07 0.1090E+07 0.9126E+06 0.9843E+06 0.9121E+06
    6.0700 0.1091E+07 0.1179E+07 0.1091E+07 0.9116E+06 0.9838E+06 0.9111E+06
    6.0800 0.1092E+07 0.1180E+07 0.1092E+07 0.9105E+06 0.9832E+06 0.9100E+06
    6.0900 0.1093E+07 0.1181E+07 0.1093E+07 0.9094E+06 0.9826E+06 0.9089E+06
    6.1000 0.1094E+07 0.1182E+07 0.1094E+07 0.9083E+06 0.9819E+06 0.9077E+06
    6.1100 0.1095E+07 0.1183E+07 0.1095E+07 0.9071E+06 0.9811E+06 0.9066E+06
    6.1200 0.1096E+07 0.1185E+07 0.1096E+07 0.9059E+06 0.9803E+06 0.9054E+06
    6.1300 0.1098E+07 0.1186E+07 0.1097E+07 0.9047E+06 0.9795E+06 0.9042E+06
    6.1400 0.1099E+07 0.1187E+07 0.1098E+07 0.9036E+06 0.9786E+06 0.9031E+06
    6.1500 0.1100E+07 0.1188E+07 0.1099E+07 0.9024E+06 0.9778E+06 0.9019E+06
    6.1600 0.1101E+07 0.1190E+07 0.1101E+07 0.9012E+06 0.9769E+06 0.9008E+06
    6.1700 0.1102E+07 0.1191E+07 0.1102E+07 0.9001E+06 0.9761E+06 0.8996E+06
    6.1800 0.1103E+07 0.1192E+07 0.1103E+07 0.8990E+06 0.9752E+06 0.8986E+06
    6.1900 0.1104E+07 0.1194E+07 0.1104E+07 0.8979E+06 0.9744E+06 0.8975E+06
    6.2000 0.1105E+07 0.1195E+07 0.1105E+07 0.8969E+06 0.9737E+06 0.8965E+06
    6.2100 0.1106E+07 0.1196E+07 0.1106E+07 0.8960E+06 0.9730E+06 0.8955E+06
    6.2200 0.1107E+07 0.1197E+07 0.1107E+07 0.8950E+06 0.9723E+06 0.8946E+06
    6.2300 0.1108E+07 0.1198E+07 0.1107E+07 0.8942E+06 0.9717E+06 0.8938E+06
    6.2400 0.1108E+07 0.1199E+07 0.1108E+07 0.8934E+06 0.9712E+06 0.8930E+06
    6.2500 0.1109E+07 0.1200E+07 0.1109E+07 0.8927E+06 0.9708E+06 0.8923E+06
    6.2600 0.1109E+07 0.1201E+07 0.1109E+07 0.8921E+06 0.9704E+06 0.8917E+06
    6.2700 0.1110E+07 0.1202E+07 0.1109E+07 0.8916E+06 0.9701E+06 0.8912E+06
    6.2800 0.1110E+07 0.1203E+07 0.1109E+07 0.8911E+06 0.9700E+06 0.8908E+06
    6.2900 0.1110E+07 0.1204E+07 0.1110E+07 0.8908E+06 0.9699E+06 0.8904E+06
    6.3000 0.1110E+07 0.1204E+07 0.1110E+07 0.8906E+06 0.9699E+06 0.8902E+06
    6.3100 0.1110E+07 0.1205E+07 0.1109E+07 0.8904E+06 0.9700E+06 0.8901E+06
    6.3200 0.1110E+07 0.1205E+07 0.1109E+07 0.8904E+06 0.9702E+06 0.8900E+06
    6.3300 0.1109E+07 0.1206E+07 0.1109E+07 0.8904E+06 0.9705E+06 0.8901E+06
    6.3400 0.1109E+07 0.1206E+07 0.1108E+07 0.8906E+06 0.9708E+06 0.8903E+06
    6.3500 0.1108E+07 0.1206E+07 0.1108E+07 0.8909E+06 0.9713E+06 0.8906E+06
